\BOOKMARK [-1][-]{part.1}{\376\377\000I\000\040\000E\000n\000g\000l\000i\000s\000h\000\040\000D\000o\000c\000u\000m\000e\000n\000t\000a\000t\000i\000o\000n}{}% 1
\BOOKMARK [0][-]{chapter.1}{\376\377\000I\000n\000t\000r\000o\000d\000u\000c\000t\000i\000o\000n}{part.1}% 2
\BOOKMARK [1][-]{section.1.1}{\376\377\000O\000v\000e\000r\000v\000i\000e\000w}{chapter.1}% 3
\BOOKMARK [1][-]{section.1.2}{\376\377\000P\000u\000r\000p\000o\000s\000e}{chapter.1}% 4
\BOOKMARK [1][-]{section.1.3}{\376\377\000S\000y\000s\000t\000e\000m\000\040\000F\000e\000a\000t\000u\000r\000e\000s}{chapter.1}% 5
\BOOKMARK [1][-]{section.1.4}{\376\377\000T\000e\000c\000h\000n\000i\000c\000a\000l\000\040\000S\000t\000a\000c\000k}{chapter.1}% 6
\BOOKMARK [1][-]{section.1.5}{\376\377\000D\000o\000c\000u\000m\000e\000n\000t\000a\000t\000i\000o\000n\000\040\000S\000t\000r\000u\000c\000t\000u\000r\000e}{chapter.1}% 7
\BOOKMARK [1][-]{section.1.6}{\376\377\000G\000e\000t\000t\000i\000n\000g\000\040\000S\000t\000a\000r\000t\000e\000d}{chapter.1}% 8
\BOOKMARK [0][-]{chapter.2}{\376\377\000S\000y\000s\000t\000e\000m\000\040\000A\000r\000c\000h\000i\000t\000e\000c\000t\000u\000r\000e}{part.1}% 9
\BOOKMARK [1][-]{section.2.1}{\376\377\000A\000r\000c\000h\000i\000t\000e\000c\000t\000u\000r\000e\000\040\000O\000v\000e\000r\000v\000i\000e\000w}{chapter.2}% 10
\BOOKMARK [1][-]{section.2.2}{\376\377\000A\000r\000c\000h\000i\000t\000e\000c\000t\000u\000r\000e\000\040\000L\000a\000y\000e\000r\000s}{chapter.2}% 11
\BOOKMARK [2][-]{subsection.2.2.1}{\376\377\000C\000o\000r\000e\000\040\000L\000a\000y\000e\000r}{section.2.2}% 12
\BOOKMARK [2][-]{subsection.2.2.2}{\376\377\000B\000o\000u\000n\000d\000a\000r\000i\000e\000s\000\040\000L\000a\000y\000e\000r}{section.2.2}% 13
\BOOKMARK [2][-]{subsection.2.2.3}{\376\377\000A\000P\000I\000\040\000L\000a\000y\000e\000r}{section.2.2}% 14
\BOOKMARK [1][-]{section.2.3}{\376\377\000D\000e\000s\000i\000g\000n\000\040\000P\000a\000t\000t\000e\000r\000n\000s}{chapter.2}% 15
\BOOKMARK [2][-]{subsection.2.3.1}{\376\377\000R\000e\000p\000o\000s\000i\000t\000o\000r\000y\000\040\000P\000a\000t\000t\000e\000r\000n}{section.2.3}% 16
\BOOKMARK [2][-]{subsection.2.3.2}{\376\377\000D\000e\000p\000e\000n\000d\000e\000n\000c\000y\000\040\000I\000n\000j\000e\000c\000t\000i\000o\000n}{section.2.3}% 17
\BOOKMARK [2][-]{subsection.2.3.3}{\376\377\000S\000i\000g\000n\000a\000l\000R\000\040\000H\000u\000b\000\040\000P\000a\000t\000t\000e\000r\000n}{section.2.3}% 18
\BOOKMARK [1][-]{section.2.4}{\376\377\000D\000a\000t\000a\000\040\000F\000l\000o\000w}{chapter.2}% 19
\BOOKMARK [2][-]{subsection.2.4.1}{\376\377\000R\000e\000s\000e\000r\000v\000a\000t\000i\000o\000n\000\040\000P\000r\000o\000c\000e\000s\000s}{section.2.4}% 20
\BOOKMARK [2][-]{subsection.2.4.2}{\376\377\000C\000a\000p\000a\000c\000i\000t\000y\000\040\000M\000a\000n\000a\000g\000e\000m\000e\000n\000t}{section.2.4}% 21
\BOOKMARK [1][-]{section.2.5}{\376\377\000C\000r\000o\000s\000s\000-\000C\000u\000t\000t\000i\000n\000g\000\040\000C\000o\000n\000c\000e\000r\000n\000s}{chapter.2}% 22
\BOOKMARK [2][-]{subsection.2.5.1}{\376\377\000L\000o\000g\000g\000i\000n\000g}{section.2.5}% 23
\BOOKMARK [2][-]{subsection.2.5.2}{\376\377\000E\000r\000r\000o\000r\000\040\000H\000a\000n\000d\000l\000i\000n\000g}{section.2.5}% 24
\BOOKMARK [1][-]{section.2.6}{\376\377\000S\000e\000c\000u\000r\000i\000t\000y}{chapter.2}% 25
\BOOKMARK [2][-]{subsection.2.6.1}{\376\377\000A\000u\000t\000h\000e\000n\000t\000i\000c\000a\000t\000i\000o\000n}{section.2.6}% 26
\BOOKMARK [2][-]{subsection.2.6.2}{\376\377\000D\000a\000t\000a\000\040\000P\000r\000o\000t\000e\000c\000t\000i\000o\000n}{section.2.6}% 27
\BOOKMARK [1][-]{section.2.7}{\376\377\000P\000e\000r\000f\000o\000r\000m\000a\000n\000c\000e\000\040\000C\000o\000n\000s\000i\000d\000e\000r\000a\000t\000i\000o\000n\000s}{chapter.2}% 28
\BOOKMARK [2][-]{subsection.2.7.1}{\376\377\000C\000a\000c\000h\000i\000n\000g}{section.2.7}% 29
\BOOKMARK [2][-]{subsection.2.7.2}{\376\377\000D\000a\000t\000a\000b\000a\000s\000e\000\040\000O\000p\000t\000i\000m\000i\000z\000a\000t\000i\000o\000n}{section.2.7}% 30
\BOOKMARK [1][-]{section.2.8}{\376\377\000S\000c\000a\000l\000a\000b\000i\000l\000i\000t\000y}{chapter.2}% 31
\BOOKMARK [2][-]{subsection.2.8.1}{\376\377\000H\000o\000r\000i\000z\000o\000n\000t\000a\000l\000\040\000S\000c\000a\000l\000i\000n\000g}{section.2.8}% 32
\BOOKMARK [2][-]{subsection.2.8.2}{\376\377\000V\000e\000r\000t\000i\000c\000a\000l\000\040\000S\000c\000a\000l\000i\000n\000g}{section.2.8}% 33
\BOOKMARK [0][-]{chapter.3}{\376\377\000C\000o\000r\000e\000\040\000C\000o\000m\000p\000o\000n\000e\000n\000t\000s}{part.1}% 34
\BOOKMARK [1][-]{section.3.1}{\376\377\000C\000o\000r\000e\000\040\000C\000o\000m\000p\000o\000n\000e\000n\000t\000s\000\040\000O\000v\000e\000r\000v\000i\000e\000w}{chapter.3}% 35
\BOOKMARK [1][-]{section.3.2}{\376\377\000R\000e\000s\000e\000r\000v\000a\000t\000i\000o\000n\000\040\000S\000y\000s\000t\000e\000m}{chapter.3}% 36
\BOOKMARK [2][-]{subsection.3.2.1}{\376\377\000R\000e\000s\000e\000r\000v\000a\000t\000i\000o\000n\000\040\000M\000o\000d\000e\000l}{section.3.2}% 37
\BOOKMARK [2][-]{subsection.3.2.2}{\376\377\000R\000e\000s\000e\000r\000v\000a\000t\000i\000o\000n\000\040\000R\000e\000p\000o\000s\000i\000t\000o\000r\000y}{section.3.2}% 38
\BOOKMARK [1][-]{section.3.3}{\376\377\000T\000r\000i\000p\000\040\000M\000a\000n\000a\000g\000e\000m\000e\000n\000t}{chapter.3}% 39
\BOOKMARK [2][-]{subsection.3.3.1}{\376\377\000T\000r\000i\000p\000\040\000M\000o\000d\000e\000l}{section.3.3}% 40
\BOOKMARK [2][-]{subsection.3.3.2}{\376\377\000T\000r\000i\000p\000\040\000R\000e\000p\000o\000s\000i\000t\000o\000r\000y}{section.3.3}% 41
\BOOKMARK [1][-]{section.3.4}{\376\377\000C\000o\000n\000v\000e\000r\000s\000a\000t\000i\000o\000n\000\040\000H\000a\000n\000d\000l\000i\000n\000g}{chapter.3}% 42
\BOOKMARK [2][-]{subsection.3.4.1}{\376\377\000C\000o\000n\000v\000e\000r\000s\000a\000t\000i\000o\000n\000\040\000S\000t\000a\000t\000e}{section.3.4}% 43
\BOOKMARK [2][-]{subsection.3.4.2}{\376\377\000M\000e\000s\000s\000a\000g\000e\000\040\000C\000r\000e\000a\000t\000o\000r}{section.3.4}% 44
\BOOKMARK [1][-]{section.3.5}{\376\377\000L\000o\000g\000g\000i\000n\000g\000\040\000S\000y\000s\000t\000e\000m}{chapter.3}% 45
\BOOKMARK [2][-]{subsection.3.5.1}{\376\377\000L\000o\000g\000g\000e\000r\000\040\000I\000n\000t\000e\000r\000f\000a\000c\000e}{section.3.5}% 46
\BOOKMARK [2][-]{subsection.3.5.2}{\376\377\000L\000o\000g\000g\000e\000r\000\040\000I\000m\000p\000l\000e\000m\000e\000n\000t\000a\000t\000i\000o\000n}{section.3.5}% 47
\BOOKMARK [1][-]{section.3.6}{\376\377\000B\000a\000c\000k\000g\000r\000o\000u\000n\000d\000\040\000J\000o\000b\000s}{chapter.3}% 48
\BOOKMARK [2][-]{subsection.3.6.1}{\376\377\000J\000o\000b\000\040\000I\000n\000t\000e\000r\000f\000a\000c\000e}{section.3.6}% 49
\BOOKMARK [2][-]{subsection.3.6.2}{\376\377\000J\000o\000b\000\040\000I\000m\000p\000l\000e\000m\000e\000n\000t\000a\000t\000i\000o\000n\000s}{section.3.6}% 50
\BOOKMARK [1][-]{section.3.7}{\376\377\000S\000i\000g\000n\000a\000l\000R\000\040\000I\000n\000t\000e\000g\000r\000a\000t\000i\000o\000n}{chapter.3}% 51
\BOOKMARK [2][-]{subsection.3.7.1}{\376\377\000R\000e\000s\000e\000r\000v\000a\000t\000i\000o\000n\000s\000\040\000H\000u\000b}{section.3.7}% 52
\BOOKMARK [1][-]{section.3.8}{\376\377\000E\000r\000r\000o\000r\000\040\000H\000a\000n\000d\000l\000i\000n\000g}{chapter.3}% 53
\BOOKMARK [2][-]{subsection.3.8.1}{\376\377\000E\000r\000r\000o\000r\000\040\000T\000y\000p\000e\000s}{section.3.8}% 54
\BOOKMARK [2][-]{subsection.3.8.2}{\376\377\000E\000r\000r\000o\000r\000\040\000H\000a\000n\000d\000l\000e\000r}{section.3.8}% 55
\BOOKMARK [1][-]{section.3.9}{\376\377\000C\000o\000n\000f\000i\000g\000u\000r\000a\000t\000i\000o\000n}{chapter.3}% 56
\BOOKMARK [2][-]{subsection.3.9.1}{\376\377\000A\000p\000p\000\040\000S\000e\000t\000t\000i\000n\000g\000s}{section.3.9}% 57
\BOOKMARK [2][-]{subsection.3.9.2}{\376\377\000C\000o\000n\000f\000i\000g\000u\000r\000a\000t\000i\000o\000n\000\040\000P\000r\000o\000v\000i\000d\000e\000r}{section.3.9}% 58
\BOOKMARK [0][-]{chapter.4}{\376\377\000A\000P\000I\000\040\000L\000a\000y\000e\000r}{part.1}% 59
\BOOKMARK [1][-]{section.4.1}{\376\377\000A\000P\000I\000\040\000O\000v\000e\000r\000v\000i\000e\000w}{chapter.4}% 60
\BOOKMARK [1][-]{section.4.2}{\376\377\000C\000o\000n\000t\000r\000o\000l\000l\000e\000r\000s}{chapter.4}% 61
\BOOKMARK [2][-]{subsection.4.2.1}{\376\377\000R\000e\000s\000e\000r\000v\000a\000t\000i\000o\000n\000s\000\040\000C\000o\000n\000t\000r\000o\000l\000l\000e\000r}{section.4.2}% 62
\BOOKMARK [2][-]{subsection.4.2.2}{\376\377\000T\000r\000i\000p\000s\000\040\000C\000o\000n\000t\000r\000o\000l\000l\000e\000r}{section.4.2}% 63
\BOOKMARK [1][-]{section.4.3}{\376\377\000S\000i\000g\000n\000a\000l\000R\000\040\000H\000u\000b\000s}{chapter.4}% 64
\BOOKMARK [2][-]{subsection.4.3.1}{\376\377\000R\000e\000s\000e\000r\000v\000a\000t\000i\000o\000n\000s\000\040\000H\000u\000b}{section.4.3}% 65
\BOOKMARK [1][-]{section.4.4}{\376\377\000A\000P\000I\000\040\000E\000n\000d\000p\000o\000i\000n\000t\000s}{chapter.4}% 66
\BOOKMARK [2][-]{subsection.4.4.1}{\376\377\000R\000e\000s\000e\000r\000v\000a\000t\000i\000o\000n\000s}{section.4.4}% 67
\BOOKMARK [2][-]{subsection.4.4.2}{\376\377\000T\000r\000i\000p\000s}{section.4.4}% 68
\BOOKMARK [1][-]{section.4.5}{\376\377\000S\000i\000g\000n\000a\000l\000R\000\040\000M\000e\000t\000h\000o\000d\000s}{chapter.4}% 69
\BOOKMARK [2][-]{subsection.4.5.1}{\376\377\000R\000e\000s\000e\000r\000v\000a\000t\000i\000o\000n\000s\000\040\000H\000u\000b}{section.4.5}% 70
\BOOKMARK [1][-]{section.4.6}{\376\377\000E\000r\000r\000o\000r\000\040\000H\000a\000n\000d\000l\000i\000n\000g}{chapter.4}% 71
\BOOKMARK [2][-]{subsection.4.6.1}{\376\377\000H\000T\000T\000P\000\040\000S\000t\000a\000t\000u\000s\000\040\000C\000o\000d\000e\000s}{section.4.6}% 72
\BOOKMARK [2][-]{subsection.4.6.2}{\376\377\000E\000r\000r\000o\000r\000\040\000R\000e\000s\000p\000o\000n\000s\000e\000s}{section.4.6}% 73
\BOOKMARK [1][-]{section.4.7}{\376\377\000A\000u\000t\000h\000e\000n\000t\000i\000c\000a\000t\000i\000o\000n}{chapter.4}% 74
\BOOKMARK [2][-]{subsection.4.7.1}{\376\377\000J\000W\000T\000\040\000A\000u\000t\000h\000e\000n\000t\000i\000c\000a\000t\000i\000o\000n}{section.4.7}% 75
\BOOKMARK [1][-]{section.4.8}{\376\377\000A\000P\000I\000\040\000D\000o\000c\000u\000m\000e\000n\000t\000a\000t\000i\000o\000n}{chapter.4}% 76
\BOOKMARK [2][-]{subsection.4.8.1}{\376\377\000S\000w\000a\000g\000g\000e\000r\000\040\000I\000n\000t\000e\000g\000r\000a\000t\000i\000o\000n}{section.4.8}% 77
\BOOKMARK [2][-]{subsection.4.8.2}{\376\377\000A\000P\000I\000\040\000V\000e\000r\000s\000i\000o\000n\000i\000n\000g}{section.4.8}% 78
\BOOKMARK [0][-]{chapter.5}{\376\377\000D\000a\000t\000a\000b\000a\000s\000e\000\040\000D\000e\000s\000i\000g\000n}{part.1}% 79
\BOOKMARK [0][-]{chapter.6}{\376\377\000R\000e\000s\000e\000r\000v\000a\000t\000i\000o\000n\000\040\000S\000y\000s\000t\000e\000m}{part.1}% 80
\BOOKMARK [1][-]{section.6.1}{\376\377\000R\000e\000s\000e\000r\000v\000a\000t\000i\000o\000n\000\040\000S\000y\000s\000t\000e\000m\000\040\000O\000v\000e\000r\000v\000i\000e\000w}{chapter.6}% 81
\BOOKMARK [1][-]{section.6.2}{\376\377\000R\000e\000s\000e\000r\000v\000a\000t\000i\000o\000n\000\040\000P\000r\000o\000c\000e\000s\000s}{chapter.6}% 82
\BOOKMARK [2][-]{subsection.6.2.1}{\376\377\000C\000o\000n\000v\000e\000r\000s\000a\000t\000i\000o\000n\000\040\000F\000l\000o\000w}{section.6.2}% 83
\BOOKMARK [2][-]{subsection.6.2.2}{\376\377\000S\000t\000a\000t\000e\000\040\000M\000a\000n\000a\000g\000e\000m\000e\000n\000t}{section.6.2}% 84
\BOOKMARK [1][-]{section.6.3}{\376\377\000C\000a\000p\000a\000c\000i\000t\000y\000\040\000M\000a\000n\000a\000g\000e\000m\000e\000n\000t}{chapter.6}% 85
\BOOKMARK [2][-]{subsection.6.3.1}{\376\377\000T\000r\000i\000p\000\040\000C\000a\000p\000a\000c\000i\000t\000y}{section.6.3}% 86
\BOOKMARK [2][-]{subsection.6.3.2}{\376\377\000C\000a\000p\000a\000c\000i\000t\000y\000\040\000R\000e\000s\000e\000t}{section.6.3}% 87
\BOOKMARK [1][-]{section.6.4}{\376\377\000R\000e\000s\000e\000r\000v\000a\000t\000i\000o\000n\000\040\000V\000a\000l\000i\000d\000a\000t\000i\000o\000n}{chapter.6}% 88
\BOOKMARK [2][-]{subsection.6.4.1}{\376\377\000C\000a\000p\000a\000c\000i\000t\000y\000\040\000C\000h\000e\000c\000k}{section.6.4}% 89
\BOOKMARK [2][-]{subsection.6.4.2}{\376\377\000D\000a\000t\000e\000\040\000V\000a\000l\000i\000d\000a\000t\000i\000o\000n}{section.6.4}% 90
\BOOKMARK [1][-]{section.6.5}{\376\377\000R\000e\000a\000l\000-\000t\000i\000m\000e\000\040\000U\000p\000d\000a\000t\000e\000s}{chapter.6}% 91
\BOOKMARK [2][-]{subsection.6.5.1}{\376\377\000S\000i\000g\000n\000a\000l\000R\000\040\000I\000n\000t\000e\000g\000r\000a\000t\000i\000o\000n}{section.6.5}% 92
\BOOKMARK [2][-]{subsection.6.5.2}{\376\377\000C\000a\000p\000a\000c\000i\000t\000y\000\040\000U\000p\000d\000a\000t\000e\000s}{section.6.5}% 93
\BOOKMARK [1][-]{section.6.6}{\376\377\000E\000r\000r\000o\000r\000\040\000H\000a\000n\000d\000l\000i\000n\000g}{chapter.6}% 94
\BOOKMARK [2][-]{subsection.6.6.1}{\376\377\000R\000e\000s\000e\000r\000v\000a\000t\000i\000o\000n\000\040\000E\000x\000c\000e\000p\000t\000i\000o\000n\000s}{section.6.6}% 95
\BOOKMARK [2][-]{subsection.6.6.2}{\376\377\000E\000r\000r\000o\000r\000\040\000R\000e\000c\000o\000v\000e\000r\000y}{section.6.6}% 96
\BOOKMARK [1][-]{section.6.7}{\376\377\000R\000e\000s\000e\000r\000v\000a\000t\000i\000o\000n\000\040\000Q\000u\000e\000r\000i\000e\000s}{chapter.6}% 97
\BOOKMARK [2][-]{subsection.6.7.1}{\376\377\000C\000o\000m\000m\000o\000n\000\040\000Q\000u\000e\000r\000i\000e\000s}{section.6.7}% 98
\BOOKMARK [2][-]{subsection.6.7.2}{\376\377\000R\000e\000p\000o\000r\000t\000i\000n\000g}{section.6.7}% 99
\BOOKMARK [1][-]{section.6.8}{\376\377\000B\000e\000s\000t\000\040\000P\000r\000a\000c\000t\000i\000c\000e\000s}{chapter.6}% 100
\BOOKMARK [2][-]{subsection.6.8.1}{\376\377\000R\000e\000s\000e\000r\000v\000a\000t\000i\000o\000n\000\040\000M\000a\000n\000a\000g\000e\000m\000e\000n\000t}{section.6.8}% 101
\BOOKMARK [2][-]{subsection.6.8.2}{\376\377\000P\000e\000r\000f\000o\000r\000m\000a\000n\000c\000e\000\040\000C\000o\000n\000s\000i\000d\000e\000r\000a\000t\000i\000o\000n\000s}{section.6.8}% 102
\BOOKMARK [0][-]{chapter.7}{\376\377\000W\000h\000a\000t\000s\000A\000p\000p\000\040\000I\000n\000t\000e\000g\000r\000a\000t\000i\000o\000n}{part.1}% 103
\BOOKMARK [1][-]{section.7.1}{\376\377\000W\000h\000a\000t\000s\000A\000p\000p\000\040\000I\000n\000t\000e\000g\000r\000a\000t\000i\000o\000n\000\040\000O\000v\000e\000r\000v\000i\000e\000w}{chapter.7}% 104
\BOOKMARK [1][-]{section.7.2}{\376\377\000M\000e\000s\000s\000a\000g\000e\000\040\000H\000a\000n\000d\000l\000i\000n\000g}{chapter.7}% 105
\BOOKMARK [2][-]{subsection.7.2.1}{\376\377\000M\000e\000s\000s\000a\000g\000e\000\040\000T\000y\000p\000e\000s}{section.7.2}% 106
\BOOKMARK [2][-]{subsection.7.2.2}{\376\377\000M\000e\000s\000s\000a\000g\000e\000\040\000P\000r\000o\000c\000e\000s\000s\000i\000n\000g}{section.7.2}% 107
\BOOKMARK [1][-]{section.7.3}{\376\377\000C\000o\000n\000v\000e\000r\000s\000a\000t\000i\000o\000n\000\040\000F\000l\000o\000w}{chapter.7}% 108
\BOOKMARK [2][-]{subsection.7.3.1}{\376\377\000S\000t\000e\000p\000\040\000M\000a\000n\000a\000g\000e\000m\000e\000n\000t}{section.7.3}% 109
\BOOKMARK [2][-]{subsection.7.3.2}{\376\377\000M\000e\000s\000s\000a\000g\000e\000\040\000T\000e\000m\000p\000l\000a\000t\000e\000s}{section.7.3}% 110
\BOOKMARK [1][-]{section.7.4}{\376\377\000A\000P\000I\000\040\000I\000n\000t\000e\000g\000r\000a\000t\000i\000o\000n}{chapter.7}% 111
\BOOKMARK [2][-]{subsection.7.4.1}{\376\377\000W\000h\000a\000t\000s\000A\000p\000p\000\040\000A\000P\000I\000\040\000C\000l\000i\000e\000n\000t}{section.7.4}% 112
\BOOKMARK [1][-]{section.7.5}{\376\377\000E\000r\000r\000o\000r\000\040\000H\000a\000n\000d\000l\000i\000n\000g}{chapter.7}% 113
\BOOKMARK [2][-]{subsection.7.5.1}{\376\377\000A\000P\000I\000\040\000E\000r\000r\000o\000r\000s}{section.7.5}% 114
\BOOKMARK [2][-]{subsection.7.5.2}{\376\377\000R\000e\000t\000r\000y\000\040\000L\000o\000g\000i\000c}{section.7.5}% 115
\BOOKMARK [1][-]{section.7.6}{\376\377\000M\000e\000s\000s\000a\000g\000e\000\040\000T\000e\000m\000p\000l\000a\000t\000e\000s}{chapter.7}% 116
\BOOKMARK [2][-]{subsection.7.6.1}{\376\377\000T\000e\000m\000p\000l\000a\000t\000e\000\040\000M\000a\000n\000a\000g\000e\000m\000e\000n\000t}{section.7.6}% 117
\BOOKMARK [1][-]{section.7.7}{\376\377\000B\000e\000s\000t\000\040\000P\000r\000a\000c\000t\000i\000c\000e\000s}{chapter.7}% 118
\BOOKMARK [2][-]{subsection.7.7.1}{\376\377\000M\000e\000s\000s\000a\000g\000e\000\040\000H\000a\000n\000d\000l\000i\000n\000g}{section.7.7}% 119
\BOOKMARK [2][-]{subsection.7.7.2}{\376\377\000C\000o\000n\000v\000e\000r\000s\000a\000t\000i\000o\000n\000\040\000M\000a\000n\000a\000g\000e\000m\000e\000n\000t}{section.7.7}% 120
\BOOKMARK [2][-]{subsection.7.7.3}{\376\377\000S\000e\000c\000u\000r\000i\000t\000y}{section.7.7}% 121
\BOOKMARK [0][-]{chapter.8}{\376\377\000B\000a\000c\000k\000g\000r\000o\000u\000n\000d\000\040\000J\000o\000b\000s}{part.1}% 122
\BOOKMARK [1][-]{section.8.1}{\376\377\000O\000v\000e\000r\000v\000i\000e\000w}{chapter.8}% 123
\BOOKMARK [1][-]{section.8.2}{\376\377\000J\000o\000b\000\040\000C\000o\000n\000f\000i\000g\000u\000r\000a\000t\000i\000o\000n}{chapter.8}% 124
\BOOKMARK [1][-]{section.8.3}{\376\377\000A\000v\000a\000i\000l\000a\000b\000l\000e\000\040\000J\000o\000b\000s}{chapter.8}% 125
\BOOKMARK [2][-]{subsection.8.3.1}{\376\377\000D\000e\000l\000e\000t\000e\000\040\000O\000l\000d\000\040\000F\000o\000l\000d\000e\000r\000s\000\040\000J\000o\000b}{section.8.3}% 126
\BOOKMARK [2][-]{subsection.8.3.2}{\376\377\000R\000e\000s\000e\000t\000\040\000T\000r\000i\000p\000\040\000C\000a\000p\000a\000c\000i\000t\000i\000e\000s\000\040\000J\000o\000b}{section.8.3}% 127
\BOOKMARK [1][-]{section.8.4}{\376\377\000J\000o\000b\000\040\000C\000o\000n\000f\000i\000g\000u\000r\000a\000t\000i\000o\000n}{chapter.8}% 128
\BOOKMARK [1][-]{section.8.5}{\376\377\000E\000r\000r\000o\000r\000\040\000H\000a\000n\000d\000l\000i\000n\000g}{chapter.8}% 129
\BOOKMARK [1][-]{section.8.6}{\376\377\000M\000o\000n\000i\000t\000o\000r\000i\000n\000g}{chapter.8}% 130
\BOOKMARK [1][-]{section.8.7}{\376\377\000A\000d\000d\000i\000n\000g\000\040\000N\000e\000w\000\040\000J\000o\000b\000s}{chapter.8}% 131
\BOOKMARK [1][-]{section.8.8}{\376\377\000B\000e\000s\000t\000\040\000P\000r\000a\000c\000t\000i\000c\000e\000s}{chapter.8}% 132
\BOOKMARK [0][-]{chapter.9}{\376\377\000H\000o\000w\000\040\000t\000o\000\040\000U\000s\000e}{part.1}% 133
\BOOKMARK [1][-]{section.9.1}{\376\377\000H\000o\000w\000\040\000t\000o\000\040\000U\000s\000e\000\040\000O\000v\000e\000r\000v\000i\000e\000w}{chapter.9}% 134
\BOOKMARK [1][-]{section.9.2}{\376\377\000G\000e\000t\000t\000i\000n\000g\000\040\000S\000t\000a\000r\000t\000e\000d}{chapter.9}% 135
\BOOKMARK [2][-]{subsection.9.2.1}{\376\377\000P\000r\000e\000r\000e\000q\000u\000i\000s\000i\000t\000e\000s}{section.9.2}% 136
\BOOKMARK [2][-]{subsection.9.2.2}{\376\377\000I\000n\000i\000t\000i\000a\000l\000\040\000S\000e\000t\000u\000p}{section.9.2}% 137
\BOOKMARK [1][-]{section.9.3}{\376\377\000M\000a\000n\000a\000g\000i\000n\000g\000\040\000T\000r\000i\000p\000s}{chapter.9}% 138
\BOOKMARK [2][-]{subsection.9.3.1}{\376\377\000C\000r\000e\000a\000t\000i\000n\000g\000\040\000a\000\040\000T\000r\000i\000p}{section.9.3}% 139
\BOOKMARK [2][-]{subsection.9.3.2}{\376\377\000M\000a\000n\000a\000g\000i\000n\000g\000\040\000T\000r\000i\000p\000\040\000S\000c\000h\000e\000d\000u\000l\000e\000s}{section.9.3}% 140
\BOOKMARK [1][-]{section.9.4}{\376\377\000R\000e\000s\000e\000r\000v\000a\000t\000i\000o\000n\000\040\000P\000r\000o\000c\000e\000s\000s}{chapter.9}% 141
\BOOKMARK [2][-]{subsection.9.4.1}{\376\377\000W\000h\000a\000t\000s\000A\000p\000p\000\040\000C\000o\000n\000v\000e\000r\000s\000a\000t\000i\000o\000n\000\040\000F\000l\000o\000w}{section.9.4}% 142
\BOOKMARK [2][-]{subsection.9.4.2}{\376\377\000E\000x\000a\000m\000p\000l\000e\000\040\000C\000o\000n\000v\000e\000r\000s\000a\000t\000i\000o\000n}{section.9.4}% 143
\BOOKMARK [1][-]{section.9.5}{\376\377\000A\000d\000m\000i\000n\000\040\000I\000n\000t\000e\000r\000f\000a\000c\000e}{chapter.9}% 144
\BOOKMARK [2][-]{subsection.9.5.1}{\376\377\000V\000i\000e\000w\000i\000n\000g\000\040\000R\000e\000s\000e\000r\000v\000a\000t\000i\000o\000n\000s}{section.9.5}% 145
\BOOKMARK [2][-]{subsection.9.5.2}{\376\377\000M\000a\000n\000a\000g\000i\000n\000g\000\040\000C\000a\000p\000a\000c\000i\000t\000y}{section.9.5}% 146
\BOOKMARK [1][-]{section.9.6}{\376\377\000M\000o\000n\000i\000t\000o\000r\000i\000n\000g\000\040\000a\000n\000d\000\040\000M\000a\000i\000n\000t\000e\000n\000a\000n\000c\000e}{chapter.9}% 147
\BOOKMARK [2][-]{subsection.9.6.1}{\376\377\000S\000y\000s\000t\000e\000m\000\040\000H\000e\000a\000l\000t\000h}{section.9.6}% 148
\BOOKMARK [2][-]{subsection.9.6.2}{\376\377\000B\000a\000c\000k\000u\000p\000\040\000a\000n\000d\000\040\000R\000e\000c\000o\000v\000e\000r\000y}{section.9.6}% 149
\BOOKMARK [1][-]{section.9.7}{\376\377\000T\000r\000o\000u\000b\000l\000e\000s\000h\000o\000o\000t\000i\000n\000g}{chapter.9}% 150
\BOOKMARK [2][-]{subsection.9.7.1}{\376\377\000C\000o\000m\000m\000o\000n\000\040\000I\000s\000s\000u\000e\000s}{section.9.7}% 151
\BOOKMARK [2][-]{subsection.9.7.2}{\376\377\000E\000r\000r\000o\000r\000\040\000M\000e\000s\000s\000a\000g\000e\000s}{section.9.7}% 152
\BOOKMARK [1][-]{section.9.8}{\376\377\000B\000e\000s\000t\000\040\000P\000r\000a\000c\000t\000i\000c\000e\000s}{chapter.9}% 153
\BOOKMARK [2][-]{subsection.9.8.1}{\376\377\000S\000y\000s\000t\000e\000m\000\040\000U\000s\000a\000g\000e}{section.9.8}% 154
\BOOKMARK [2][-]{subsection.9.8.2}{\376\377\000P\000e\000r\000f\000o\000r\000m\000a\000n\000c\000e\000\040\000O\000p\000t\000i\000m\000i\000z\000a\000t\000i\000o\000n}{section.9.8}% 155
\BOOKMARK [0][-]{chapter.10}{\376\377\000D\000e\000p\000l\000o\000y\000m\000e\000n\000t}{part.1}% 156
\BOOKMARK [1][-]{section.10.1}{\376\377\000D\000e\000p\000l\000o\000y\000m\000e\000n\000t\000\040\000O\000v\000e\000r\000v\000i\000e\000w}{chapter.10}% 157
\BOOKMARK [1][-]{section.10.2}{\376\377\000S\000y\000s\000t\000e\000m\000\040\000R\000e\000q\000u\000i\000r\000e\000m\000e\000n\000t\000s}{chapter.10}% 158
\BOOKMARK [2][-]{subsection.10.2.1}{\376\377\000H\000a\000r\000d\000w\000a\000r\000e\000\040\000R\000e\000q\000u\000i\000r\000e\000m\000e\000n\000t\000s}{section.10.2}% 159
\BOOKMARK [2][-]{subsection.10.2.2}{\376\377\000S\000o\000f\000t\000w\000a\000r\000e\000\040\000R\000e\000q\000u\000i\000r\000e\000m\000e\000n\000t\000s}{section.10.2}% 160
\BOOKMARK [1][-]{section.10.3}{\376\377\000D\000e\000p\000l\000o\000y\000m\000e\000n\000t\000\040\000P\000r\000o\000c\000e\000s\000s}{chapter.10}% 161
\BOOKMARK [2][-]{subsection.10.3.1}{\376\377\000D\000a\000t\000a\000b\000a\000s\000e\000\040\000S\000e\000t\000u\000p}{section.10.3}% 162
\BOOKMARK [2][-]{subsection.10.3.2}{\376\377\000A\000p\000p\000l\000i\000c\000a\000t\000i\000o\000n\000\040\000D\000e\000p\000l\000o\000y\000m\000e\000n\000t}{section.10.3}% 163
\BOOKMARK [1][-]{section.10.4}{\376\377\000C\000o\000n\000f\000i\000g\000u\000r\000a\000t\000i\000o\000n}{chapter.10}% 164
\BOOKMARK [2][-]{subsection.10.4.1}{\376\377\000E\000n\000v\000i\000r\000o\000n\000m\000e\000n\000t\000\040\000V\000a\000r\000i\000a\000b\000l\000e\000s}{section.10.4}% 165
\BOOKMARK [2][-]{subsection.10.4.2}{\376\377\000I\000I\000S\000\040\000C\000o\000n\000f\000i\000g\000u\000r\000a\000t\000i\000o\000n}{section.10.4}% 166
\BOOKMARK [1][-]{section.10.5}{\376\377\000M\000o\000n\000i\000t\000o\000r\000i\000n\000g}{chapter.10}% 167
\BOOKMARK [2][-]{subsection.10.5.1}{\376\377\000L\000o\000g\000g\000i\000n\000g\000\040\000C\000o\000n\000f\000i\000g\000u\000r\000a\000t\000i\000o\000n}{section.10.5}% 168
\BOOKMARK [2][-]{subsection.10.5.2}{\376\377\000H\000e\000a\000l\000t\000h\000\040\000C\000h\000e\000c\000k\000s}{section.10.5}% 169
\BOOKMARK [1][-]{section.10.6}{\376\377\000B\000a\000c\000k\000u\000p\000\040\000a\000n\000d\000\040\000R\000e\000c\000o\000v\000e\000r\000y}{chapter.10}% 170
\BOOKMARK [2][-]{subsection.10.6.1}{\376\377\000D\000a\000t\000a\000b\000a\000s\000e\000\040\000B\000a\000c\000k\000u\000p}{section.10.6}% 171
\BOOKMARK [2][-]{subsection.10.6.2}{\376\377\000A\000p\000p\000l\000i\000c\000a\000t\000i\000o\000n\000\040\000B\000a\000c\000k\000u\000p}{section.10.6}% 172
\BOOKMARK [1][-]{section.10.7}{\376\377\000S\000e\000c\000u\000r\000i\000t\000y}{chapter.10}% 173
\BOOKMARK [2][-]{subsection.10.7.1}{\376\377\000S\000S\000L\000\040\000C\000o\000n\000f\000i\000g\000u\000r\000a\000t\000i\000o\000n}{section.10.7}% 174
\BOOKMARK [2][-]{subsection.10.7.2}{\376\377\000F\000i\000r\000e\000w\000a\000l\000l\000\040\000C\000o\000n\000f\000i\000g\000u\000r\000a\000t\000i\000o\000n}{section.10.7}% 175
\BOOKMARK [1][-]{section.10.8}{\376\377\000M\000a\000i\000n\000t\000e\000n\000a\000n\000c\000e}{chapter.10}% 176
\BOOKMARK [2][-]{subsection.10.8.1}{\376\377\000L\000o\000g\000\040\000R\000o\000t\000a\000t\000i\000o\000n}{section.10.8}% 177
\BOOKMARK [2][-]{subsection.10.8.2}{\376\377\000D\000a\000t\000a\000b\000a\000s\000e\000\040\000M\000a\000i\000n\000t\000e\000n\000a\000n\000c\000e}{section.10.8}% 178
\BOOKMARK [1][-]{section.10.9}{\376\377\000B\000e\000s\000t\000\040\000P\000r\000a\000c\000t\000i\000c\000e\000s}{chapter.10}% 179
\BOOKMARK [2][-]{subsection.10.9.1}{\376\377\000D\000e\000p\000l\000o\000y\000m\000e\000n\000t}{section.10.9}% 180
\BOOKMARK [2][-]{subsection.10.9.2}{\376\377\000M\000o\000n\000i\000t\000o\000r\000i\000n\000g}{section.10.9}% 181
\BOOKMARK [2][-]{subsection.10.9.3}{\376\377\000S\000e\000c\000u\000r\000i\000t\000y}{section.10.9}% 182
\BOOKMARK [-1][-]{part.2}{\376\377\000I\000I\000\040\000D\000o\000c\000u\000m\000e\000n\000t\000a\000c\000i\000\363\000n\000\040\000e\000n\000\040\000E\000s\000p\000a\000\361\000o\000l}{}% 183
\BOOKMARK [0][-]{chapter.11}{\376\377\000I\000n\000t\000r\000o\000d\000u\000c\000c\000i\000\363\000n}{part.2}% 184
\BOOKMARK [0][-]{chapter.12}{\376\377\000A\000r\000q\000u\000i\000t\000e\000c\000t\000u\000r\000a\000\040\000d\000e\000l\000\040\000S\000i\000s\000t\000e\000m\000a}{part.2}% 185
\BOOKMARK [0][-]{chapter.13}{\376\377\000C\000o\000m\000p\000o\000n\000e\000n\000t\000e\000s\000\040\000P\000r\000i\000n\000c\000i\000p\000a\000l\000e\000s}{part.2}% 186
\BOOKMARK [0][-]{chapter.14}{\376\377\000C\000a\000p\000a\000\040\000d\000e\000\040\000A\000P\000I}{part.2}% 187
\BOOKMARK [0][-]{chapter.15}{\376\377\000D\000i\000s\000e\000\361\000o\000\040\000d\000e\000\040\000B\000a\000s\000e\000\040\000d\000e\000\040\000D\000a\000t\000o\000s}{part.2}% 188
\BOOKMARK [0][-]{chapter.16}{\376\377\000S\000i\000s\000t\000e\000m\000a\000\040\000d\000e\000\040\000R\000e\000s\000e\000r\000v\000a\000s}{part.2}% 189
\BOOKMARK [0][-]{chapter.17}{\376\377\000I\000n\000t\000e\000g\000r\000a\000c\000i\000\363\000n\000\040\000c\000o\000n\000\040\000W\000h\000a\000t\000s\000A\000p\000p}{part.2}% 190
\BOOKMARK [0][-]{chapter.18}{\376\377\000T\000r\000a\000b\000a\000j\000o\000s\000\040\000e\000n\000\040\000S\000e\000g\000u\000n\000d\000o\000\040\000P\000l\000a\000n\000o}{part.2}% 191
\BOOKMARK [0][-]{chapter.19}{\376\377\000G\000u\000\355\000a\000\040\000d\000e\000\040\000U\000s\000o}{part.2}% 192
\BOOKMARK [1][-]{section.19.1}{\376\377\000D\000e\000s\000c\000r\000i\000p\000c\000i\000\363\000n\000\040\000G\000e\000n\000e\000r\000a\000l\000\040\000d\000e\000\040\000U\000s\000o}{chapter.19}% 193
\BOOKMARK [1][-]{section.19.2}{\376\377\000C\000o\000m\000e\000n\000z\000a\000n\000d\000o}{chapter.19}% 194
\BOOKMARK [2][-]{subsection.19.2.1}{\376\377\000R\000e\000q\000u\000i\000s\000i\000t\000o\000s\000\040\000P\000r\000e\000v\000i\000o\000s}{section.19.2}% 195
\BOOKMARK [2][-]{subsection.19.2.2}{\376\377\000C\000o\000n\000f\000i\000g\000u\000r\000a\000c\000i\000\363\000n\000\040\000I\000n\000i\000c\000i\000a\000l}{section.19.2}% 196
\BOOKMARK [1][-]{section.19.3}{\376\377\000G\000e\000s\000t\000i\000\363\000n\000\040\000d\000e\000\040\000V\000i\000a\000j\000e\000s}{chapter.19}% 197
\BOOKMARK [2][-]{subsection.19.3.1}{\376\377\000C\000r\000e\000a\000c\000i\000\363\000n\000\040\000d\000e\000\040\000u\000n\000\040\000V\000i\000a\000j\000e}{section.19.3}% 198
\BOOKMARK [2][-]{subsection.19.3.2}{\376\377\000G\000e\000s\000t\000i\000\363\000n\000\040\000d\000e\000\040\000H\000o\000r\000a\000r\000i\000o\000s\000\040\000d\000e\000\040\000V\000i\000a\000j\000e}{section.19.3}% 199
\BOOKMARK [1][-]{section.19.4}{\376\377\000P\000r\000o\000c\000e\000s\000o\000\040\000d\000e\000\040\000R\000e\000s\000e\000r\000v\000a}{chapter.19}% 200
\BOOKMARK [2][-]{subsection.19.4.1}{\376\377\000F\000l\000u\000j\000o\000\040\000d\000e\000\040\000C\000o\000n\000v\000e\000r\000s\000a\000c\000i\000\363\000n\000\040\000d\000e\000\040\000W\000h\000a\000t\000s\000A\000p\000p}{section.19.4}% 201
\BOOKMARK [2][-]{subsection.19.4.2}{\376\377\000E\000j\000e\000m\000p\000l\000o\000\040\000d\000e\000\040\000C\000o\000n\000v\000e\000r\000s\000a\000c\000i\000\363\000n}{section.19.4}% 202
\BOOKMARK [1][-]{section.19.5}{\376\377\000I\000n\000t\000e\000r\000f\000a\000z\000\040\000d\000e\000\040\000A\000d\000m\000i\000n\000i\000s\000t\000r\000a\000c\000i\000\363\000n}{chapter.19}% 203
\BOOKMARK [2][-]{subsection.19.5.1}{\376\377\000V\000i\000s\000u\000a\000l\000i\000z\000a\000c\000i\000\363\000n\000\040\000d\000e\000\040\000R\000e\000s\000e\000r\000v\000a\000s}{section.19.5}% 204
\BOOKMARK [2][-]{subsection.19.5.2}{\376\377\000G\000e\000s\000t\000i\000\363\000n\000\040\000d\000e\000\040\000C\000a\000p\000a\000c\000i\000d\000a\000d}{section.19.5}% 205
\BOOKMARK [1][-]{section.19.6}{\376\377\000M\000o\000n\000i\000t\000o\000r\000e\000o\000\040\000y\000\040\000M\000a\000n\000t\000e\000n\000i\000m\000i\000e\000n\000t\000o}{chapter.19}% 206
\BOOKMARK [2][-]{subsection.19.6.1}{\376\377\000E\000s\000t\000a\000d\000o\000\040\000d\000e\000l\000\040\000S\000i\000s\000t\000e\000m\000a}{section.19.6}% 207
\BOOKMARK [2][-]{subsection.19.6.2}{\376\377\000R\000e\000s\000p\000a\000l\000d\000o\000\040\000y\000\040\000R\000e\000c\000u\000p\000e\000r\000a\000c\000i\000\363\000n}{section.19.6}% 208
\BOOKMARK [1][-]{section.19.7}{\376\377\000S\000o\000l\000u\000c\000i\000\363\000n\000\040\000d\000e\000\040\000P\000r\000o\000b\000l\000e\000m\000a\000s}{chapter.19}% 209
\BOOKMARK [2][-]{subsection.19.7.1}{\376\377\000P\000r\000o\000b\000l\000e\000m\000a\000s\000\040\000C\000o\000m\000u\000n\000e\000s}{section.19.7}% 210
\BOOKMARK [2][-]{subsection.19.7.2}{\376\377\000M\000e\000n\000s\000a\000j\000e\000s\000\040\000d\000e\000\040\000E\000r\000r\000o\000r}{section.19.7}% 211
\BOOKMARK [1][-]{section.19.8}{\376\377\000M\000e\000j\000o\000r\000e\000s\000\040\000P\000r\000\341\000c\000t\000i\000c\000a\000s}{chapter.19}% 212
\BOOKMARK [2][-]{subsection.19.8.1}{\376\377\000U\000s\000o\000\040\000d\000e\000l\000\040\000S\000i\000s\000t\000e\000m\000a}{section.19.8}% 213
\BOOKMARK [2][-]{subsection.19.8.2}{\376\377\000O\000p\000t\000i\000m\000i\000z\000a\000c\000i\000\363\000n\000\040\000d\000e\000\040\000R\000e\000n\000d\000i\000m\000i\000e\000n\000t\000o}{section.19.8}% 214
\BOOKMARK [0][-]{chapter.20}{\376\377\000I\000m\000p\000l\000e\000m\000e\000n\000t\000a\000c\000i\000\363\000n}{part.2}% 215
\BOOKMARK [-1][-]{part.3}{\376\377\000I\000I\000I\000\040\000A\000p\000\351\000n\000d\000i\000c\000e\000s}{}% 216
\BOOKMARK [0][-]{appendix.A}{\376\377\000A\000P\000I\000\040\000R\000e\000f\000e\000r\000e\000n\000c\000e}{part.3}% 217
\BOOKMARK [0][-]{appendix.B}{\376\377\000D\000a\000t\000a\000b\000a\000s\000e\000\040\000S\000c\000h\000e\000m\000a}{part.3}% 218
\BOOKMARK [1][-]{section.B.1}{\376\377\000D\000a\000t\000a\000b\000a\000s\000e\000\040\000O\000v\000e\000r\000v\000i\000e\000w}{appendix.B}% 219
\BOOKMARK [1][-]{section.B.2}{\376\377\000E\000n\000t\000i\000t\000y\000\040\000R\000e\000l\000a\000t\000i\000o\000n\000s\000h\000i\000p\000s}{appendix.B}% 220
\BOOKMARK [1][-]{section.B.3}{\376\377\000C\000o\000r\000e\000\040\000E\000n\000t\000i\000t\000i\000e\000s}{appendix.B}% 221
\BOOKMARK [2][-]{subsection.B.3.1}{\376\377\000T\000r\000i\000p}{section.B.3}% 222
\BOOKMARK [2][-]{subsection.B.3.2}{\376\377\000R\000e\000s\000e\000r\000v\000a\000t\000i\000o\000n}{section.B.3}% 223
\BOOKMARK [2][-]{subsection.B.3.3}{\376\377\000H\000o\000t\000e\000l}{section.B.3}% 224
\BOOKMARK [2][-]{subsection.B.3.4}{\376\377\000S\000c\000h\000e\000d\000u\000l\000e}{section.B.3}% 225
\BOOKMARK [1][-]{section.B.4}{\376\377\000R\000e\000l\000a\000t\000i\000o\000n\000s\000h\000i\000p\000\040\000T\000a\000b\000l\000e\000s}{appendix.B}% 226
\BOOKMARK [2][-]{subsection.B.4.1}{\376\377\000T\000r\000i\000p\000S\000c\000h\000e\000d\000u\000l\000e}{section.B.4}% 227
\BOOKMARK [1][-]{section.B.5}{\376\377\000I\000n\000d\000e\000x\000e\000s}{appendix.B}% 228
\BOOKMARK [1][-]{section.B.6}{\376\377\000C\000o\000n\000s\000t\000r\000a\000i\000n\000t\000s}{appendix.B}% 229
\BOOKMARK [1][-]{section.B.7}{\376\377\000D\000a\000t\000a\000\040\000T\000y\000p\000e\000s}{appendix.B}% 230
\BOOKMARK [1][-]{section.B.8}{\376\377\000S\000o\000f\000t\000\040\000D\000e\000l\000e\000t\000e}{appendix.B}% 231
\BOOKMARK [1][-]{section.B.9}{\376\377\000A\000u\000d\000i\000t\000\040\000F\000i\000e\000l\000d\000s}{appendix.B}% 232
\BOOKMARK [0][-]{appendix.C}{\376\377\000R\000e\000f\000e\000r\000e\000n\000c\000i\000a\000\040\000d\000e\000\040\000A\000P\000I}{part.3}% 233
\BOOKMARK [0][-]{appendix.D}{\376\377\000E\000s\000q\000u\000e\000m\000a\000\040\000d\000e\000\040\000B\000a\000s\000e\000\040\000d\000e\000\040\000D\000a\000t\000o\000s}{part.3}% 234
